                                      1 ;--------------------------------------------------------
                                      2 ; File Created by SDCC : free open source ANSI-C Compiler
                                      3 ; Version 4.2.0 #13081 (Linux)
                                      4 ;--------------------------------------------------------
                                      5 	.module main
                                      6 	.optsdcc -mstm8
                                      7 	
                                      8 ;--------------------------------------------------------
                                      9 ; Public variables in this module
                                     10 ;--------------------------------------------------------
                                     11 	.globl _main
                                     12 	.globl _delay
                                     13 ;--------------------------------------------------------
                                     14 ; ram data
                                     15 ;--------------------------------------------------------
                                     16 	.area DATA
                                     17 ;--------------------------------------------------------
                                     18 ; ram data
                                     19 ;--------------------------------------------------------
                                     20 	.area INITIALIZED
                                     21 ;--------------------------------------------------------
                                     22 ; Stack segment in internal ram
                                     23 ;--------------------------------------------------------
                                     24 	.area	SSEG
      000000                         25 __start__stack:
      000000                         26 	.ds	1
                                     27 
                                     28 ;--------------------------------------------------------
                                     29 ; absolute external ram data
                                     30 ;--------------------------------------------------------
                                     31 	.area DABS (ABS)
                                     32 
                                     33 ; default segment ordering for linker
                                     34 	.area HOME
                                     35 	.area GSINIT
                                     36 	.area GSFINAL
                                     37 	.area CONST
                                     38 	.area INITIALIZER
                                     39 	.area CODE
                                     40 
                                     41 ;--------------------------------------------------------
                                     42 ; interrupt vector
                                     43 ;--------------------------------------------------------
                                     44 	.area HOME
      000000                         45 __interrupt_vect:
      000000 82v00u00u00             46 	int s_GSINIT ; reset
                                     47 ;--------------------------------------------------------
                                     48 ; global & static initialisations
                                     49 ;--------------------------------------------------------
                                     50 	.area HOME
                                     51 	.area GSINIT
                                     52 	.area GSFINAL
                                     53 	.area GSINIT
      000000                         54 __sdcc_init_data:
                                     55 ; stm8_genXINIT() start
      000000 AEr00r00         [ 2]   56 	ldw x, #l_DATA
      000003 27 07            [ 1]   57 	jreq	00002$
      000005                         58 00001$:
      000005 72 4FuFFuFF      [ 1]   59 	clr (s_DATA - 1, x)
      000009 5A               [ 2]   60 	decw x
      00000A 26 F9            [ 1]   61 	jrne	00001$
      00000C                         62 00002$:
      00000C AEr00r00         [ 2]   63 	ldw	x, #l_INITIALIZER
      00000F 27 09            [ 1]   64 	jreq	00004$
      000011                         65 00003$:
      000011 D6uFFuFF         [ 1]   66 	ld	a, (s_INITIALIZER - 1, x)
      000014 D7uFFuFF         [ 1]   67 	ld	(s_INITIALIZED - 1, x), a
      000017 5A               [ 2]   68 	decw	x
      000018 26 F7            [ 1]   69 	jrne	00003$
      00001A                         70 00004$:
                                     71 ; stm8_genXINIT() end
                                     72 	.area GSFINAL
      000000 CCr00r04         [ 2]   73 	jp	__sdcc_program_startup
                                     74 ;--------------------------------------------------------
                                     75 ; Home
                                     76 ;--------------------------------------------------------
                                     77 	.area HOME
                                     78 	.area HOME
      000004                         79 __sdcc_program_startup:
      000004 CCr00r29         [ 2]   80 	jp	_main
                                     81 ;	return from main will return to caller
                                     82 ;--------------------------------------------------------
                                     83 ; code
                                     84 ;--------------------------------------------------------
                                     85 	.area CODE
                                     86 ;	src/main.c: 4: void delay(volatile uint32_t count) {
                                     87 ;	-----------------------------------------
                                     88 ;	 function delay
                                     89 ;	-----------------------------------------
      000000                         90 _delay:
      000000 52 04            [ 2]   91 	sub	sp, #4
                                     92 ;	src/main.c: 5: while(count--) {
      000002                         93 00101$:
      000002 16 09            [ 2]   94 	ldw	y, (0x09, sp)
      000004 17 03            [ 2]   95 	ldw	(0x03, sp), y
      000006 16 07            [ 2]   96 	ldw	y, (0x07, sp)
      000008 17 01            [ 2]   97 	ldw	(0x01, sp), y
      00000A 1E 03            [ 2]   98 	ldw	x, (0x03, sp)
      00000C 1D 00 01         [ 2]   99 	subw	x, #0x0001
      00000F 16 01            [ 2]  100 	ldw	y, (0x01, sp)
      000011 24 02            [ 1]  101 	jrnc	00116$
      000013 90 5A            [ 2]  102 	decw	y
      000015                        103 00116$:
      000015 1F 09            [ 2]  104 	ldw	(0x09, sp), x
      000017 17 07            [ 2]  105 	ldw	(0x07, sp), y
      000019 1E 03            [ 2]  106 	ldw	x, (0x03, sp)
      00001B 26 04            [ 1]  107 	jrne	00117$
      00001D 1E 01            [ 2]  108 	ldw	x, (0x01, sp)
      00001F 27 03            [ 1]  109 	jreq	00104$
      000021                        110 00117$:
                                    111 ;	src/main.c: 6: __asm__("nop");
      000021 9D               [ 1]  112 	nop
      000022 20 DE            [ 2]  113 	jra	00101$
      000024                        114 00104$:
                                    115 ;	src/main.c: 8: }
      000024 1E 05            [ 2]  116 	ldw	x, (5, sp)
      000026 5B 0A            [ 2]  117 	addw	sp, #10
      000028 FC               [ 2]  118 	jp	(x)
                                    119 ;	src/main.c: 10: int main(void) {
                                    120 ;	-----------------------------------------
                                    121 ;	 function main
                                    122 ;	-----------------------------------------
      000029                        123 _main:
                                    124 ;	src/main.c: 12: GPIOB->DDR |= (1 << 5);   // Set PB5 as output
      000029 72 1A 50 07      [ 1]  125 	bset	0x5007, #5
                                    126 ;	src/main.c: 13: GPIOB->CR1 |= (1 << 5);   // Push-pull
      00002D 72 1A 50 08      [ 1]  127 	bset	0x5008, #5
                                    128 ;	src/main.c: 14: GPIOB->CR2 &= ~(1 << 5);  // No fast output
      000031 72 1B 50 09      [ 1]  129 	bres	0x5009, #5
                                    130 ;	src/main.c: 16: while (1) {
      000035                        131 00102$:
                                    132 ;	src/main.c: 17: GPIOB->ODR ^= (1 << 5);  // Toggle PB5
      000035 90 1A 50 05      [ 1]  133 	bcpl	0x5005, #5
                                    134 ;	src/main.c: 18: delay(50000);            // Simple software delay
      000039 4B 50            [ 1]  135 	push	#0x50
      00003B 4B C3            [ 1]  136 	push	#0xc3
      00003D 5F               [ 1]  137 	clrw	x
      00003E 89               [ 2]  138 	pushw	x
      00003F CDr00r00         [ 4]  139 	call	_delay
      000042 20 F1            [ 2]  140 	jra	00102$
                                    141 ;	src/main.c: 21: }
      000044 81               [ 4]  142 	ret
                                    143 	.area CODE
                                    144 	.area CONST
                                    145 	.area INITIALIZER
                                    146 	.area CABS (ABS)
